<?xml version="1.0" encoding="UTF-8"?>
<testsuite xmlns:xsi="http://www.w3.org/2001/XMLSchema-instance" xsi:noNamespaceSchemaLocation="https://maven.apache.org/surefire/maven-surefire-plugin/xsd/surefire-test-report.xsd" name="edu.pdx.agileteam7.AppTest" time="0.028" tests="1" errors="0" skipped="0" failures="0">
  <properties>
    <property name="java.specification.version" value="14"/>
    <property name="sun.jnu.encoding" value="UTF-8"/>
    <property name="java.class.path" value="/Users/georgekingston/agile/agileFTP/target/test-classes:/Users/georgekingston/agile/agileFTP/target/classes:/Users/georgekingston/.m2/repository/junit/junit/4.11/junit-4.11.jar:/Users/georgekingston/.m2/repository/org/hamcrest/hamcrest-core/1.3/hamcrest-core-1.3.jar:/Users/georgekingston/.m2/repository/com/amazonaws/aws-java-sdk/1.11.327/aws-java-sdk-1.11.327.jar:/Users/georgekingston/.m2/repository/com/amazonaws/aws-java-sdk-iotanalytics/1.11.327/aws-java-sdk-iotanalytics-1.11.327.jar:/Users/georgekingston/.m2/repository/com/amazonaws/jmespath-java/1.11.327/jmespath-java-1.11.327.jar:/Users/georgekingston/.m2/repository/com/amazonaws/aws-java-sdk-acmpca/1.11.327/aws-java-sdk-acmpca-1.11.327.jar:/Users/georgekingston/.m2/repository/com/amazonaws/aws-java-sdk-secretsmanager/1.11.327/aws-java-sdk-secretsmanager-1.11.327.jar:/Users/georgekingston/.m2/repository/com/amazonaws/aws-java-sdk-fms/1.11.327/aws-java-sdk-fms-1.11.327.jar:/Users/georgekingston/.m2/repository/com/amazonaws/aws-java-sdk-connect/1.11.327/aws-java-sdk-connect-1.11.327.jar:/Users/georgekingston/.m2/repository/com/amazonaws/aws-java-sdk-transcribe/1.11.327/aws-java-sdk-transcribe-1.11.327.jar:/Users/georgekingston/.m2/repository/com/amazonaws/aws-java-sdk-autoscalingplans/1.11.327/aws-java-sdk-autoscalingplans-1.11.327.jar:/Users/georgekingston/.m2/repository/com/amazonaws/aws-java-sdk-workmail/1.11.327/aws-java-sdk-workmail-1.11.327.jar:/Users/georgekingston/.m2/repository/com/amazonaws/aws-java-sdk-servicediscovery/1.11.327/aws-java-sdk-servicediscovery-1.11.327.jar:/Users/georgekingston/.m2/repository/com/amazonaws/aws-java-sdk-cloud9/1.11.327/aws-java-sdk-cloud9-1.11.327.jar:/Users/georgekingston/.m2/repository/com/amazonaws/aws-java-sdk-serverlessapplicationrepository/1.11.327/aws-java-sdk-serverlessapplicationrepository-1.11.327.jar:/Users/georgekingston/.m2/repository/com/amazonaws/aws-java-sdk-alexaforbusiness/1.11.327/aws-java-sdk-alexaforbusiness-1.11.327.jar:/Users/georgekingston/.m2/repository/com/amazonaws/aws-java-sdk-resourcegroups/1.11.327/aws-java-sdk-resourcegroups-1.11.327.jar:/Users/georgekingston/.m2/repository/com/amazonaws/aws-java-sdk-comprehend/1.11.327/aws-java-sdk-comprehend-1.11.327.jar:/Users/georgekingston/.m2/repository/com/amazonaws/aws-java-sdk-translate/1.11.327/aws-java-sdk-translate-1.11.327.jar:/Users/georgekingston/.m2/repository/com/amazonaws/aws-java-sdk-sagemaker/1.11.327/aws-java-sdk-sagemaker-1.11.327.jar:/Users/georgekingston/.m2/repository/com/amazonaws/aws-java-sdk-iotjobsdataplane/1.11.327/aws-java-sdk-iotjobsdataplane-1.11.327.jar:/Users/georgekingston/.m2/repository/com/amazonaws/aws-java-sdk-sagemakerruntime/1.11.327/aws-java-sdk-sagemakerruntime-1.11.327.jar:/Users/georgekingston/.m2/repository/com/amazonaws/aws-java-sdk-kinesisvideo/1.11.327/aws-java-sdk-kinesisvideo-1.11.327.jar:/Users/georgekingston/.m2/repository/io/netty/netty-codec-http/4.1.17.Final/netty-codec-http-4.1.17.Final.jar:/Users/georgekingston/.m2/repository/io/netty/netty-codec/4.1.17.Final/netty-codec-4.1.17.Final.jar:/Users/georgekingston/.m2/repository/io/netty/netty-handler/4.1.17.Final/netty-handler-4.1.17.Final.jar:/Users/georgekingston/.m2/repository/io/netty/netty-buffer/4.1.17.Final/netty-buffer-4.1.17.Final.jar:/Users/georgekingston/.m2/repository/io/netty/netty-common/4.1.17.Final/netty-common-4.1.17.Final.jar:/Users/georgekingston/.m2/repository/io/netty/netty-transport/4.1.17.Final/netty-transport-4.1.17.Final.jar:/Users/georgekingston/.m2/repository/io/netty/netty-resolver/4.1.17.Final/netty-resolver-4.1.17.Final.jar:/Users/georgekingston/.m2/repository/com/amazonaws/aws-java-sdk-appsync/1.11.327/aws-java-sdk-appsync-1.11.327.jar:/Users/georgekingston/.m2/repository/com/amazonaws/aws-java-sdk-guardduty/1.11.327/aws-java-sdk-guardduty-1.11.327.jar:/Users/georgekingston/.m2/repository/com/amazonaws/aws-java-sdk-mq/1.11.327/aws-java-sdk-mq-1.11.327.jar:/Users/georgekingston/.m2/repository/com/amazonaws/aws-java-sdk-mediaconvert/1.11.327/aws-java-sdk-mediaconvert-1.11.327.jar:/Users/georgekingston/.m2/repository/com/amazonaws/aws-java-sdk-mediastore/1.11.327/aws-java-sdk-mediastore-1.11.327.jar:/Users/georgekingston/.m2/repository/com/amazonaws/aws-java-sdk-mediastoredata/1.11.327/aws-java-sdk-mediastoredata-1.11.327.jar:/Users/georgekingston/.m2/repository/com/amazonaws/aws-java-sdk-medialive/1.11.327/aws-java-sdk-medialive-1.11.327.jar:/Users/georgekingston/.m2/repository/com/amazonaws/aws-java-sdk-mediapackage/1.11.327/aws-java-sdk-mediapackage-1.11.327.jar:/Users/georgekingston/.m2/repository/com/amazonaws/aws-java-sdk-costexplorer/1.11.327/aws-java-sdk-costexplorer-1.11.327.jar:/Users/georgekingston/.m2/repository/com/amazonaws/aws-java-sdk-pricing/1.11.327/aws-java-sdk-pricing-1.11.327.jar:/Users/georgekingston/.m2/repository/com/amazonaws/aws-java-sdk-mobile/1.11.327/aws-java-sdk-mobile-1.11.327.jar:/Users/georgekingston/.m2/repository/com/amazonaws/aws-java-sdk-cloudhsmv2/1.11.327/aws-java-sdk-cloudhsmv2-1.11.327.jar:/Users/georgekingston/.m2/repository/com/amazonaws/aws-java-sdk-glue/1.11.327/aws-java-sdk-glue-1.11.327.jar:/Users/georgekingston/.m2/repository/com/amazonaws/aws-java-sdk-migrationhub/1.11.327/aws-java-sdk-migrationhub-1.11.327.jar:/Users/georgekingston/.m2/repository/com/amazonaws/aws-java-sdk-dax/1.11.327/aws-java-sdk-dax-1.11.327.jar:/Users/georgekingston/.m2/repository/com/amazonaws/aws-java-sdk-greengrass/1.11.327/aws-java-sdk-greengrass-1.11.327.jar:/Users/georgekingston/.m2/repository/com/amazonaws/aws-java-sdk-athena/1.11.327/aws-java-sdk-athena-1.11.327.jar:/Users/georgekingston/.m2/repository/com/amazonaws/aws-java-sdk-marketplaceentitlement/1.11.327/aws-java-sdk-marketplaceentitlement-1.11.327.jar:/Users/georgekingston/.m2/repository/com/amazonaws/aws-java-sdk-codestar/1.11.327/aws-java-sdk-codestar-1.11.327.jar:/Users/georgekingston/.m2/repository/com/amazonaws/aws-java-sdk-lexmodelbuilding/1.11.327/aws-java-sdk-lexmodelbuilding-1.11.327.jar:/Users/georgekingston/.m2/repository/com/amazonaws/aws-java-sdk-resourcegroupstaggingapi/1.11.327/aws-java-sdk-resourcegroupstaggingapi-1.11.327.jar:/Users/georgekingston/.m2/repository/com/amazonaws/aws-java-sdk-pinpoint/1.11.327/aws-java-sdk-pinpoint-1.11.327.jar:/Users/georgekingston/.m2/repository/com/amazonaws/aws-java-sdk-xray/1.11.327/aws-java-sdk-xray-1.11.327.jar:/Users/georgekingston/.m2/repository/com/amazonaws/aws-java-sdk-opsworkscm/1.11.327/aws-java-sdk-opsworkscm-1.11.327.jar:/Users/georgekingston/.m2/repository/com/amazonaws/aws-java-sdk-support/1.11.327/aws-java-sdk-support-1.11.327.jar:/Users/georgekingston/.m2/repository/com/amazonaws/aws-java-sdk-simpledb/1.11.327/aws-java-sdk-simpledb-1.11.327.jar:/Users/georgekingston/.m2/repository/com/amazonaws/aws-java-sdk-servicecatalog/1.11.327/aws-java-sdk-servicecatalog-1.11.327.jar:/Users/georgekingston/.m2/repository/com/amazonaws/aws-java-sdk-servermigration/1.11.327/aws-java-sdk-servermigration-1.11.327.jar:/Users/georgekingston/.m2/repository/com/amazonaws/aws-java-sdk-simpleworkflow/1.11.327/aws-java-sdk-simpleworkflow-1.11.327.jar:/Users/georgekingston/.m2/repository/com/amazonaws/aws-java-sdk-storagegateway/1.11.327/aws-java-sdk-storagegateway-1.11.327.jar:/Users/georgekingston/.m2/repository/com/amazonaws/aws-java-sdk-route53/1.11.327/aws-java-sdk-route53-1.11.327.jar:/Users/georgekingston/.m2/repository/com/amazonaws/aws-java-sdk-s3/1.11.327/aws-java-sdk-s3-1.11.327.jar:/Users/georgekingston/.m2/repository/com/amazonaws/aws-java-sdk-importexport/1.11.327/aws-java-sdk-importexport-1.11.327.jar:/Users/georgekingston/.m2/repository/com/amazonaws/aws-java-sdk-sts/1.11.327/aws-java-sdk-sts-1.11.327.jar:/Users/georgekingston/.m2/repository/com/amazonaws/aws-java-sdk-sqs/1.11.327/aws-java-sdk-sqs-1.11.327.jar:/Users/georgekingston/.m2/repository/com/amazonaws/aws-java-sdk-rds/1.11.327/aws-java-sdk-rds-1.11.327.jar:/Users/georgekingston/.m2/repository/com/amazonaws/aws-java-sdk-redshift/1.11.327/aws-java-sdk-redshift-1.11.327.jar:/Users/georgekingston/.m2/repository/com/amazonaws/aws-java-sdk-elasticbeanstalk/1.11.327/aws-java-sdk-elasticbeanstalk-1.11.327.jar:/Users/georgekingston/.m2/repository/com/amazonaws/aws-java-sdk-glacier/1.11.327/aws-java-sdk-glacier-1.11.327.jar:/Users/georgekingston/.m2/repository/com/amazonaws/aws-java-sdk-iam/1.11.327/aws-java-sdk-iam-1.11.327.jar:/Users/georgekingston/.m2/repository/com/amazonaws/aws-java-sdk-datapipeline/1.11.327/aws-java-sdk-datapipeline-1.11.327.jar:/Users/georgekingston/.m2/repository/com/amazonaws/aws-java-sdk-elasticloadbalancing/1.11.327/aws-java-sdk-elasticloadbalancing-1.11.327.jar:/Users/georgekingston/.m2/repository/com/amazonaws/aws-java-sdk-elasticloadbalancingv2/1.11.327/aws-java-sdk-elasticloadbalancingv2-1.11.327.jar:/Users/georgekingston/.m2/repository/com/amazonaws/aws-java-sdk-emr/1.11.327/aws-java-sdk-emr-1.11.327.jar:/Users/georgekingston/.m2/repository/com/amazonaws/aws-java-sdk-elasticache/1.11.327/aws-java-sdk-elasticache-1.11.327.jar:/Users/georgekingston/.m2/repository/com/amazonaws/aws-java-sdk-elastictranscoder/1.11.327/aws-java-sdk-elastictranscoder-1.11.327.jar:/Users/georgekingston/.m2/repository/com/amazonaws/aws-java-sdk-ec2/1.11.327/aws-java-sdk-ec2-1.11.327.jar:/Users/georgekingston/.m2/repository/com/amazonaws/aws-java-sdk-dynamodb/1.11.327/aws-java-sdk-dynamodb-1.11.327.jar:/Users/georgekingston/.m2/repository/com/amazonaws/aws-java-sdk-sns/1.11.327/aws-java-sdk-sns-1.11.327.jar:/Users/georgekingston/.m2/repository/com/amazonaws/aws-java-sdk-budgets/1.11.327/aws-java-sdk-budgets-1.11.327.jar:/Users/georgekingston/.m2/repository/com/amazonaws/aws-java-sdk-cloudtrail/1.11.327/aws-java-sdk-cloudtrail-1.11.327.jar:/Users/georgekingston/.m2/repository/com/amazonaws/aws-java-sdk-cloudwatch/1.11.327/aws-java-sdk-cloudwatch-1.11.327.jar:/Users/georgekingston/.m2/repository/com/amazonaws/aws-java-sdk-logs/1.11.327/aws-java-sdk-logs-1.11.327.jar:/Users/georgekingston/.m2/repository/com/amazonaws/aws-java-sdk-events/1.11.327/aws-java-sdk-events-1.11.327.jar:/Users/georgekingston/.m2/repository/com/amazonaws/aws-java-sdk-cognitoidentity/1.11.327/aws-java-sdk-cognitoidentity-1.11.327.jar:/Users/georgekingston/.m2/repository/com/amazonaws/aws-java-sdk-cognitosync/1.11.327/aws-java-sdk-cognitosync-1.11.327.jar:/Users/georgekingston/.m2/repository/com/amazonaws/aws-java-sdk-directconnect/1.11.327/aws-java-sdk-directconnect-1.11.327.jar:/Users/georgekingston/.m2/repository/com/amazonaws/aws-java-sdk-cloudformation/1.11.327/aws-java-sdk-cloudformation-1.11.327.jar:/Users/georgekingston/.m2/repository/com/amazonaws/aws-java-sdk-cloudfront/1.11.327/aws-java-sdk-cloudfront-1.11.327.jar:/Users/georgekingston/.m2/repository/com/amazonaws/aws-java-sdk-clouddirectory/1.11.327/aws-java-sdk-clouddirectory-1.11.327.jar:/Users/georgekingston/.m2/repository/com/amazonaws/aws-java-sdk-kinesis/1.11.327/aws-java-sdk-kinesis-1.11.327.jar:/Users/georgekingston/.m2/repository/com/amazonaws/aws-java-sdk-opsworks/1.11.327/aws-java-sdk-opsworks-1.11.327.jar:/Users/georgekingston/.m2/repository/com/amazonaws/aws-java-sdk-ses/1.11.327/aws-java-sdk-ses-1.11.327.jar:/Users/georgekingston/.m2/repository/com/amazonaws/aws-java-sdk-autoscaling/1.11.327/aws-java-sdk-autoscaling-1.11.327.jar:/Users/georgekingston/.m2/repository/com/amazonaws/aws-java-sdk-cloudsearch/1.11.327/aws-java-sdk-cloudsearch-1.11.327.jar:/Users/georgekingston/.m2/repository/com/amazonaws/aws-java-sdk-cloudwatchmetrics/1.11.327/aws-java-sdk-cloudwatchmetrics-1.11.327.jar:/Users/georgekingston/.m2/repository/com/amazonaws/aws-java-sdk-codedeploy/1.11.327/aws-java-sdk-codedeploy-1.11.327.jar:/Users/georgekingston/.m2/repository/com/amazonaws/aws-java-sdk-codepipeline/1.11.327/aws-java-sdk-codepipeline-1.11.327.jar:/Users/georgekingston/.m2/repository/com/amazonaws/aws-java-sdk-kms/1.11.327/aws-java-sdk-kms-1.11.327.jar:/Users/georgekingston/.m2/repository/com/amazonaws/aws-java-sdk-config/1.11.327/aws-java-sdk-config-1.11.327.jar:/Users/georgekingston/.m2/repository/com/amazonaws/aws-java-sdk-lambda/1.11.327/aws-java-sdk-lambda-1.11.327.jar:/Users/georgekingston/.m2/repository/com/amazonaws/aws-java-sdk-ecs/1.11.327/aws-java-sdk-ecs-1.11.327.jar:/Users/georgekingston/.m2/repository/com/amazonaws/aws-java-sdk-ecr/1.11.327/aws-java-sdk-ecr-1.11.327.jar:/Users/georgekingston/.m2/repository/com/amazonaws/aws-java-sdk-cloudhsm/1.11.327/aws-java-sdk-cloudhsm-1.11.327.jar:/Users/georgekingston/.m2/repository/com/amazonaws/aws-java-sdk-ssm/1.11.327/aws-java-sdk-ssm-1.11.327.jar:/Users/georgekingston/.m2/repository/com/amazonaws/aws-java-sdk-workspaces/1.11.327/aws-java-sdk-workspaces-1.11.327.jar:/Users/georgekingston/.m2/repository/com/amazonaws/aws-java-sdk-machinelearning/1.11.327/aws-java-sdk-machinelearning-1.11.327.jar:/Users/georgekingston/.m2/repository/com/amazonaws/aws-java-sdk-directory/1.11.327/aws-java-sdk-directory-1.11.327.jar:/Users/georgekingston/.m2/repository/com/amazonaws/aws-java-sdk-efs/1.11.327/aws-java-sdk-efs-1.11.327.jar:/Users/georgekingston/.m2/repository/com/amazonaws/aws-java-sdk-codecommit/1.11.327/aws-java-sdk-codecommit-1.11.327.jar:/Users/georgekingston/.m2/repository/com/amazonaws/aws-java-sdk-devicefarm/1.11.327/aws-java-sdk-devicefarm-1.11.327.jar:/Users/georgekingston/.m2/repository/com/amazonaws/aws-java-sdk-elasticsearch/1.11.327/aws-java-sdk-elasticsearch-1.11.327.jar:/Users/georgekingston/.m2/repository/com/amazonaws/aws-java-sdk-waf/1.11.327/aws-java-sdk-waf-1.11.327.jar:/Users/georgekingston/.m2/repository/com/amazonaws/aws-java-sdk-marketplacecommerceanalytics/1.11.327/aws-java-sdk-marketplacecommerceanalytics-1.11.327.jar:/Users/georgekingston/.m2/repository/com/amazonaws/aws-java-sdk-inspector/1.11.327/aws-java-sdk-inspector-1.11.327.jar:/Users/georgekingston/.m2/repository/com/amazonaws/aws-java-sdk-iot/1.11.327/aws-java-sdk-iot-1.11.327.jar:/Users/georgekingston/.m2/repository/com/amazonaws/aws-java-sdk-api-gateway/1.11.327/aws-java-sdk-api-gateway-1.11.327.jar:/Users/georgekingston/.m2/repository/com/amazonaws/aws-java-sdk-acm/1.11.327/aws-java-sdk-acm-1.11.327.jar:/Users/georgekingston/.m2/repository/com/amazonaws/aws-java-sdk-gamelift/1.11.327/aws-java-sdk-gamelift-1.11.327.jar:/Users/georgekingston/.m2/repository/com/amazonaws/aws-java-sdk-dms/1.11.327/aws-java-sdk-dms-1.11.327.jar:/Users/georgekingston/.m2/repository/com/amazonaws/aws-java-sdk-marketplacemeteringservice/1.11.327/aws-java-sdk-marketplacemeteringservice-1.11.327.jar:/Users/georgekingston/.m2/repository/com/amazonaws/aws-java-sdk-cognitoidp/1.11.327/aws-java-sdk-cognitoidp-1.11.327.jar:/Users/georgekingston/.m2/repository/com/amazonaws/aws-java-sdk-discovery/1.11.327/aws-java-sdk-discovery-1.11.327.jar:/Users/georgekingston/.m2/repository/com/amazonaws/aws-java-sdk-applicationautoscaling/1.11.327/aws-java-sdk-applicationautoscaling-1.11.327.jar:/Users/georgekingston/.m2/repository/com/amazonaws/aws-java-sdk-snowball/1.11.327/aws-java-sdk-snowball-1.11.327.jar:/Users/georgekingston/.m2/repository/com/amazonaws/aws-java-sdk-rekognition/1.11.327/aws-java-sdk-rekognition-1.11.327.jar:/Users/georgekingston/.m2/repository/com/amazonaws/aws-java-sdk-polly/1.11.327/aws-java-sdk-polly-1.11.327.jar:/Users/georgekingston/.m2/repository/com/amazonaws/aws-java-sdk-lightsail/1.11.327/aws-java-sdk-lightsail-1.11.327.jar:/Users/georgekingston/.m2/repository/com/amazonaws/aws-java-sdk-stepfunctions/1.11.327/aws-java-sdk-stepfunctions-1.11.327.jar:/Users/georgekingston/.m2/repository/com/amazonaws/aws-java-sdk-health/1.11.327/aws-java-sdk-health-1.11.327.jar:/Users/georgekingston/.m2/repository/com/amazonaws/aws-java-sdk-costandusagereport/1.11.327/aws-java-sdk-costandusagereport-1.11.327.jar:/Users/georgekingston/.m2/repository/com/amazonaws/aws-java-sdk-codebuild/1.11.327/aws-java-sdk-codebuild-1.11.327.jar:/Users/georgekingston/.m2/repository/com/amazonaws/aws-java-sdk-appstream/1.11.327/aws-java-sdk-appstream-1.11.327.jar:/Users/georgekingston/.m2/repository/com/amazonaws/aws-java-sdk-shield/1.11.327/aws-java-sdk-shield-1.11.327.jar:/Users/georgekingston/.m2/repository/com/amazonaws/aws-java-sdk-batch/1.11.327/aws-java-sdk-batch-1.11.327.jar:/Users/georgekingston/.m2/repository/com/amazonaws/aws-java-sdk-lex/1.11.327/aws-java-sdk-lex-1.11.327.jar:/Users/georgekingston/.m2/repository/com/amazonaws/aws-java-sdk-mechanicalturkrequester/1.11.327/aws-java-sdk-mechanicalturkrequester-1.11.327.jar:/Users/georgekingston/.m2/repository/com/amazonaws/aws-java-sdk-organizations/1.11.327/aws-java-sdk-organizations-1.11.327.jar:/Users/georgekingston/.m2/repository/com/amazonaws/aws-java-sdk-workdocs/1.11.327/aws-java-sdk-workdocs-1.11.327.jar:/Users/georgekingston/.m2/repository/com/amazonaws/aws-java-sdk-core/1.11.327/aws-java-sdk-core-1.11.327.jar:/Users/georgekingston/.m2/repository/commons-logging/commons-logging/1.1.3/commons-logging-1.1.3.jar:/Users/georgekingston/.m2/repository/org/apache/httpcomponents/httpclient/4.5.5/httpclient-4.5.5.jar:/Users/georgekingston/.m2/repository/org/apache/httpcomponents/httpcore/4.4.9/httpcore-4.4.9.jar:/Users/georgekingston/.m2/repository/commons-codec/commons-codec/1.10/commons-codec-1.10.jar:/Users/georgekingston/.m2/repository/software/amazon/ion/ion-java/1.0.2/ion-java-1.0.2.jar:/Users/georgekingston/.m2/repository/com/fasterxml/jackson/core/jackson-databind/2.6.7.1/jackson-databind-2.6.7.1.jar:/Users/georgekingston/.m2/repository/com/fasterxml/jackson/core/jackson-annotations/2.6.0/jackson-annotations-2.6.0.jar:/Users/georgekingston/.m2/repository/com/fasterxml/jackson/core/jackson-core/2.6.7/jackson-core-2.6.7.jar:/Users/georgekingston/.m2/repository/com/fasterxml/jackson/dataformat/jackson-dataformat-cbor/2.6.7/jackson-dataformat-cbor-2.6.7.jar:/Users/georgekingston/.m2/repository/joda-time/joda-time/2.8.1/joda-time-2.8.1.jar:/Users/georgekingston/.m2/repository/com/amazonaws/aws-java-sdk-models/1.11.327/aws-java-sdk-models-1.11.327.jar:/Users/georgekingston/.m2/repository/com/amazonaws/aws-java-sdk-swf-libraries/1.11.22/aws-java-sdk-swf-libraries-1.11.22.jar:"/>
    <property name="java.vm.vendor" value="Oracle Corporation"/>
    <property name="sun.arch.data.model" value="64"/>
    <property name="java.vendor.url" value="https://openjdk.java.net/"/>
    <property name="os.name" value="Mac OS X"/>
    <property name="java.vm.specification.version" value="14"/>
    <property name="sun.java.launcher" value="SUN_STANDARD"/>
    <property name="user.country" value="US"/>
    <property name="sun.boot.library.path" value="/usr/local/Cellar/openjdk/14.0.1/libexec/openjdk.jdk/Contents/Home/lib"/>
    <property name="sun.java.command" value="/Users/georgekingston/agile/agileFTP/target/surefire/surefirebooter10662432039028286802.jar /Users/georgekingston/agile/agileFTP/target/surefire 2020-07-20T15-21-15_048-jvmRun1 surefire6922572549940908883tmp surefire_010837769858353834070tmp"/>
    <property name="http.nonProxyHosts" value="local|*.local|169.254/16|*.169.254/16"/>
    <property name="jdk.debug" value="release"/>
    <property name="surefire.test.class.path" value="/Users/georgekingston/agile/agileFTP/target/test-classes:/Users/georgekingston/agile/agileFTP/target/classes:/Users/georgekingston/.m2/repository/junit/junit/4.11/junit-4.11.jar:/Users/georgekingston/.m2/repository/org/hamcrest/hamcrest-core/1.3/hamcrest-core-1.3.jar:/Users/georgekingston/.m2/repository/com/amazonaws/aws-java-sdk/1.11.327/aws-java-sdk-1.11.327.jar:/Users/georgekingston/.m2/repository/com/amazonaws/aws-java-sdk-iotanalytics/1.11.327/aws-java-sdk-iotanalytics-1.11.327.jar:/Users/georgekingston/.m2/repository/com/amazonaws/jmespath-java/1.11.327/jmespath-java-1.11.327.jar:/Users/georgekingston/.m2/repository/com/amazonaws/aws-java-sdk-acmpca/1.11.327/aws-java-sdk-acmpca-1.11.327.jar:/Users/georgekingston/.m2/repository/com/amazonaws/aws-java-sdk-secretsmanager/1.11.327/aws-java-sdk-secretsmanager-1.11.327.jar:/Users/georgekingston/.m2/repository/com/amazonaws/aws-java-sdk-fms/1.11.327/aws-java-sdk-fms-1.11.327.jar:/Users/georgekingston/.m2/repository/com/amazonaws/aws-java-sdk-connect/1.11.327/aws-java-sdk-connect-1.11.327.jar:/Users/georgekingston/.m2/repository/com/amazonaws/aws-java-sdk-transcribe/1.11.327/aws-java-sdk-transcribe-1.11.327.jar:/Users/georgekingston/.m2/repository/com/amazonaws/aws-java-sdk-autoscalingplans/1.11.327/aws-java-sdk-autoscalingplans-1.11.327.jar:/Users/georgekingston/.m2/repository/com/amazonaws/aws-java-sdk-workmail/1.11.327/aws-java-sdk-workmail-1.11.327.jar:/Users/georgekingston/.m2/repository/com/amazonaws/aws-java-sdk-servicediscovery/1.11.327/aws-java-sdk-servicediscovery-1.11.327.jar:/Users/georgekingston/.m2/repository/com/amazonaws/aws-java-sdk-cloud9/1.11.327/aws-java-sdk-cloud9-1.11.327.jar:/Users/georgekingston/.m2/repository/com/amazonaws/aws-java-sdk-serverlessapplicationrepository/1.11.327/aws-java-sdk-serverlessapplicationrepository-1.11.327.jar:/Users/georgekingston/.m2/repository/com/amazonaws/aws-java-sdk-alexaforbusiness/1.11.327/aws-java-sdk-alexaforbusiness-1.11.327.jar:/Users/georgekingston/.m2/repository/com/amazonaws/aws-java-sdk-resourcegroups/1.11.327/aws-java-sdk-resourcegroups-1.11.327.jar:/Users/georgekingston/.m2/repository/com/amazonaws/aws-java-sdk-comprehend/1.11.327/aws-java-sdk-comprehend-1.11.327.jar:/Users/georgekingston/.m2/repository/com/amazonaws/aws-java-sdk-translate/1.11.327/aws-java-sdk-translate-1.11.327.jar:/Users/georgekingston/.m2/repository/com/amazonaws/aws-java-sdk-sagemaker/1.11.327/aws-java-sdk-sagemaker-1.11.327.jar:/Users/georgekingston/.m2/repository/com/amazonaws/aws-java-sdk-iotjobsdataplane/1.11.327/aws-java-sdk-iotjobsdataplane-1.11.327.jar:/Users/georgekingston/.m2/repository/com/amazonaws/aws-java-sdk-sagemakerruntime/1.11.327/aws-java-sdk-sagemakerruntime-1.11.327.jar:/Users/georgekingston/.m2/repository/com/amazonaws/aws-java-sdk-kinesisvideo/1.11.327/aws-java-sdk-kinesisvideo-1.11.327.jar:/Users/georgekingston/.m2/repository/io/netty/netty-codec-http/4.1.17.Final/netty-codec-http-4.1.17.Final.jar:/Users/georgekingston/.m2/repository/io/netty/netty-codec/4.1.17.Final/netty-codec-4.1.17.Final.jar:/Users/georgekingston/.m2/repository/io/netty/netty-handler/4.1.17.Final/netty-handler-4.1.17.Final.jar:/Users/georgekingston/.m2/repository/io/netty/netty-buffer/4.1.17.Final/netty-buffer-4.1.17.Final.jar:/Users/georgekingston/.m2/repository/io/netty/netty-common/4.1.17.Final/netty-common-4.1.17.Final.jar:/Users/georgekingston/.m2/repository/io/netty/netty-transport/4.1.17.Final/netty-transport-4.1.17.Final.jar:/Users/georgekingston/.m2/repository/io/netty/netty-resolver/4.1.17.Final/netty-resolver-4.1.17.Final.jar:/Users/georgekingston/.m2/repository/com/amazonaws/aws-java-sdk-appsync/1.11.327/aws-java-sdk-appsync-1.11.327.jar:/Users/georgekingston/.m2/repository/com/amazonaws/aws-java-sdk-guardduty/1.11.327/aws-java-sdk-guardduty-1.11.327.jar:/Users/georgekingston/.m2/repository/com/amazonaws/aws-java-sdk-mq/1.11.327/aws-java-sdk-mq-1.11.327.jar:/Users/georgekingston/.m2/repository/com/amazonaws/aws-java-sdk-mediaconvert/1.11.327/aws-java-sdk-mediaconvert-1.11.327.jar:/Users/georgekingston/.m2/repository/com/amazonaws/aws-java-sdk-mediastore/1.11.327/aws-java-sdk-mediastore-1.11.327.jar:/Users/georgekingston/.m2/repository/com/amazonaws/aws-java-sdk-mediastoredata/1.11.327/aws-java-sdk-mediastoredata-1.11.327.jar:/Users/georgekingston/.m2/repository/com/amazonaws/aws-java-sdk-medialive/1.11.327/aws-java-sdk-medialive-1.11.327.jar:/Users/georgekingston/.m2/repository/com/amazonaws/aws-java-sdk-mediapackage/1.11.327/aws-java-sdk-mediapackage-1.11.327.jar:/Users/georgekingston/.m2/repository/com/amazonaws/aws-java-sdk-costexplorer/1.11.327/aws-java-sdk-costexplorer-1.11.327.jar:/Users/georgekingston/.m2/repository/com/amazonaws/aws-java-sdk-pricing/1.11.327/aws-java-sdk-pricing-1.11.327.jar:/Users/georgekingston/.m2/repository/com/amazonaws/aws-java-sdk-mobile/1.11.327/aws-java-sdk-mobile-1.11.327.jar:/Users/georgekingston/.m2/repository/com/amazonaws/aws-java-sdk-cloudhsmv2/1.11.327/aws-java-sdk-cloudhsmv2-1.11.327.jar:/Users/georgekingston/.m2/repository/com/amazonaws/aws-java-sdk-glue/1.11.327/aws-java-sdk-glue-1.11.327.jar:/Users/georgekingston/.m2/repository/com/amazonaws/aws-java-sdk-migrationhub/1.11.327/aws-java-sdk-migrationhub-1.11.327.jar:/Users/georgekingston/.m2/repository/com/amazonaws/aws-java-sdk-dax/1.11.327/aws-java-sdk-dax-1.11.327.jar:/Users/georgekingston/.m2/repository/com/amazonaws/aws-java-sdk-greengrass/1.11.327/aws-java-sdk-greengrass-1.11.327.jar:/Users/georgekingston/.m2/repository/com/amazonaws/aws-java-sdk-athena/1.11.327/aws-java-sdk-athena-1.11.327.jar:/Users/georgekingston/.m2/repository/com/amazonaws/aws-java-sdk-marketplaceentitlement/1.11.327/aws-java-sdk-marketplaceentitlement-1.11.327.jar:/Users/georgekingston/.m2/repository/com/amazonaws/aws-java-sdk-codestar/1.11.327/aws-java-sdk-codestar-1.11.327.jar:/Users/georgekingston/.m2/repository/com/amazonaws/aws-java-sdk-lexmodelbuilding/1.11.327/aws-java-sdk-lexmodelbuilding-1.11.327.jar:/Users/georgekingston/.m2/repository/com/amazonaws/aws-java-sdk-resourcegroupstaggingapi/1.11.327/aws-java-sdk-resourcegroupstaggingapi-1.11.327.jar:/Users/georgekingston/.m2/repository/com/amazonaws/aws-java-sdk-pinpoint/1.11.327/aws-java-sdk-pinpoint-1.11.327.jar:/Users/georgekingston/.m2/repository/com/amazonaws/aws-java-sdk-xray/1.11.327/aws-java-sdk-xray-1.11.327.jar:/Users/georgekingston/.m2/repository/com/amazonaws/aws-java-sdk-opsworkscm/1.11.327/aws-java-sdk-opsworkscm-1.11.327.jar:/Users/georgekingston/.m2/repository/com/amazonaws/aws-java-sdk-support/1.11.327/aws-java-sdk-support-1.11.327.jar:/Users/georgekingston/.m2/repository/com/amazonaws/aws-java-sdk-simpledb/1.11.327/aws-java-sdk-simpledb-1.11.327.jar:/Users/georgekingston/.m2/repository/com/amazonaws/aws-java-sdk-servicecatalog/1.11.327/aws-java-sdk-servicecatalog-1.11.327.jar:/Users/georgekingston/.m2/repository/com/amazonaws/aws-java-sdk-servermigration/1.11.327/aws-java-sdk-servermigration-1.11.327.jar:/Users/georgekingston/.m2/repository/com/amazonaws/aws-java-sdk-simpleworkflow/1.11.327/aws-java-sdk-simpleworkflow-1.11.327.jar:/Users/georgekingston/.m2/repository/com/amazonaws/aws-java-sdk-storagegateway/1.11.327/aws-java-sdk-storagegateway-1.11.327.jar:/Users/georgekingston/.m2/repository/com/amazonaws/aws-java-sdk-route53/1.11.327/aws-java-sdk-route53-1.11.327.jar:/Users/georgekingston/.m2/repository/com/amazonaws/aws-java-sdk-s3/1.11.327/aws-java-sdk-s3-1.11.327.jar:/Users/georgekingston/.m2/repository/com/amazonaws/aws-java-sdk-importexport/1.11.327/aws-java-sdk-importexport-1.11.327.jar:/Users/georgekingston/.m2/repository/com/amazonaws/aws-java-sdk-sts/1.11.327/aws-java-sdk-sts-1.11.327.jar:/Users/georgekingston/.m2/repository/com/amazonaws/aws-java-sdk-sqs/1.11.327/aws-java-sdk-sqs-1.11.327.jar:/Users/georgekingston/.m2/repository/com/amazonaws/aws-java-sdk-rds/1.11.327/aws-java-sdk-rds-1.11.327.jar:/Users/georgekingston/.m2/repository/com/amazonaws/aws-java-sdk-redshift/1.11.327/aws-java-sdk-redshift-1.11.327.jar:/Users/georgekingston/.m2/repository/com/amazonaws/aws-java-sdk-elasticbeanstalk/1.11.327/aws-java-sdk-elasticbeanstalk-1.11.327.jar:/Users/georgekingston/.m2/repository/com/amazonaws/aws-java-sdk-glacier/1.11.327/aws-java-sdk-glacier-1.11.327.jar:/Users/georgekingston/.m2/repository/com/amazonaws/aws-java-sdk-iam/1.11.327/aws-java-sdk-iam-1.11.327.jar:/Users/georgekingston/.m2/repository/com/amazonaws/aws-java-sdk-datapipeline/1.11.327/aws-java-sdk-datapipeline-1.11.327.jar:/Users/georgekingston/.m2/repository/com/amazonaws/aws-java-sdk-elasticloadbalancing/1.11.327/aws-java-sdk-elasticloadbalancing-1.11.327.jar:/Users/georgekingston/.m2/repository/com/amazonaws/aws-java-sdk-elasticloadbalancingv2/1.11.327/aws-java-sdk-elasticloadbalancingv2-1.11.327.jar:/Users/georgekingston/.m2/repository/com/amazonaws/aws-java-sdk-emr/1.11.327/aws-java-sdk-emr-1.11.327.jar:/Users/georgekingston/.m2/repository/com/amazonaws/aws-java-sdk-elasticache/1.11.327/aws-java-sdk-elasticache-1.11.327.jar:/Users/georgekingston/.m2/repository/com/amazonaws/aws-java-sdk-elastictranscoder/1.11.327/aws-java-sdk-elastictranscoder-1.11.327.jar:/Users/georgekingston/.m2/repository/com/amazonaws/aws-java-sdk-ec2/1.11.327/aws-java-sdk-ec2-1.11.327.jar:/Users/georgekingston/.m2/repository/com/amazonaws/aws-java-sdk-dynamodb/1.11.327/aws-java-sdk-dynamodb-1.11.327.jar:/Users/georgekingston/.m2/repository/com/amazonaws/aws-java-sdk-sns/1.11.327/aws-java-sdk-sns-1.11.327.jar:/Users/georgekingston/.m2/repository/com/amazonaws/aws-java-sdk-budgets/1.11.327/aws-java-sdk-budgets-1.11.327.jar:/Users/georgekingston/.m2/repository/com/amazonaws/aws-java-sdk-cloudtrail/1.11.327/aws-java-sdk-cloudtrail-1.11.327.jar:/Users/georgekingston/.m2/repository/com/amazonaws/aws-java-sdk-cloudwatch/1.11.327/aws-java-sdk-cloudwatch-1.11.327.jar:/Users/georgekingston/.m2/repository/com/amazonaws/aws-java-sdk-logs/1.11.327/aws-java-sdk-logs-1.11.327.jar:/Users/georgekingston/.m2/repository/com/amazonaws/aws-java-sdk-events/1.11.327/aws-java-sdk-events-1.11.327.jar:/Users/georgekingston/.m2/repository/com/amazonaws/aws-java-sdk-cognitoidentity/1.11.327/aws-java-sdk-cognitoidentity-1.11.327.jar:/Users/georgekingston/.m2/repository/com/amazonaws/aws-java-sdk-cognitosync/1.11.327/aws-java-sdk-cognitosync-1.11.327.jar:/Users/georgekingston/.m2/repository/com/amazonaws/aws-java-sdk-directconnect/1.11.327/aws-java-sdk-directconnect-1.11.327.jar:/Users/georgekingston/.m2/repository/com/amazonaws/aws-java-sdk-cloudformation/1.11.327/aws-java-sdk-cloudformation-1.11.327.jar:/Users/georgekingston/.m2/repository/com/amazonaws/aws-java-sdk-cloudfront/1.11.327/aws-java-sdk-cloudfront-1.11.327.jar:/Users/georgekingston/.m2/repository/com/amazonaws/aws-java-sdk-clouddirectory/1.11.327/aws-java-sdk-clouddirectory-1.11.327.jar:/Users/georgekingston/.m2/repository/com/amazonaws/aws-java-sdk-kinesis/1.11.327/aws-java-sdk-kinesis-1.11.327.jar:/Users/georgekingston/.m2/repository/com/amazonaws/aws-java-sdk-opsworks/1.11.327/aws-java-sdk-opsworks-1.11.327.jar:/Users/georgekingston/.m2/repository/com/amazonaws/aws-java-sdk-ses/1.11.327/aws-java-sdk-ses-1.11.327.jar:/Users/georgekingston/.m2/repository/com/amazonaws/aws-java-sdk-autoscaling/1.11.327/aws-java-sdk-autoscaling-1.11.327.jar:/Users/georgekingston/.m2/repository/com/amazonaws/aws-java-sdk-cloudsearch/1.11.327/aws-java-sdk-cloudsearch-1.11.327.jar:/Users/georgekingston/.m2/repository/com/amazonaws/aws-java-sdk-cloudwatchmetrics/1.11.327/aws-java-sdk-cloudwatchmetrics-1.11.327.jar:/Users/georgekingston/.m2/repository/com/amazonaws/aws-java-sdk-codedeploy/1.11.327/aws-java-sdk-codedeploy-1.11.327.jar:/Users/georgekingston/.m2/repository/com/amazonaws/aws-java-sdk-codepipeline/1.11.327/aws-java-sdk-codepipeline-1.11.327.jar:/Users/georgekingston/.m2/repository/com/amazonaws/aws-java-sdk-kms/1.11.327/aws-java-sdk-kms-1.11.327.jar:/Users/georgekingston/.m2/repository/com/amazonaws/aws-java-sdk-config/1.11.327/aws-java-sdk-config-1.11.327.jar:/Users/georgekingston/.m2/repository/com/amazonaws/aws-java-sdk-lambda/1.11.327/aws-java-sdk-lambda-1.11.327.jar:/Users/georgekingston/.m2/repository/com/amazonaws/aws-java-sdk-ecs/1.11.327/aws-java-sdk-ecs-1.11.327.jar:/Users/georgekingston/.m2/repository/com/amazonaws/aws-java-sdk-ecr/1.11.327/aws-java-sdk-ecr-1.11.327.jar:/Users/georgekingston/.m2/repository/com/amazonaws/aws-java-sdk-cloudhsm/1.11.327/aws-java-sdk-cloudhsm-1.11.327.jar:/Users/georgekingston/.m2/repository/com/amazonaws/aws-java-sdk-ssm/1.11.327/aws-java-sdk-ssm-1.11.327.jar:/Users/georgekingston/.m2/repository/com/amazonaws/aws-java-sdk-workspaces/1.11.327/aws-java-sdk-workspaces-1.11.327.jar:/Users/georgekingston/.m2/repository/com/amazonaws/aws-java-sdk-machinelearning/1.11.327/aws-java-sdk-machinelearning-1.11.327.jar:/Users/georgekingston/.m2/repository/com/amazonaws/aws-java-sdk-directory/1.11.327/aws-java-sdk-directory-1.11.327.jar:/Users/georgekingston/.m2/repository/com/amazonaws/aws-java-sdk-efs/1.11.327/aws-java-sdk-efs-1.11.327.jar:/Users/georgekingston/.m2/repository/com/amazonaws/aws-java-sdk-codecommit/1.11.327/aws-java-sdk-codecommit-1.11.327.jar:/Users/georgekingston/.m2/repository/com/amazonaws/aws-java-sdk-devicefarm/1.11.327/aws-java-sdk-devicefarm-1.11.327.jar:/Users/georgekingston/.m2/repository/com/amazonaws/aws-java-sdk-elasticsearch/1.11.327/aws-java-sdk-elasticsearch-1.11.327.jar:/Users/georgekingston/.m2/repository/com/amazonaws/aws-java-sdk-waf/1.11.327/aws-java-sdk-waf-1.11.327.jar:/Users/georgekingston/.m2/repository/com/amazonaws/aws-java-sdk-marketplacecommerceanalytics/1.11.327/aws-java-sdk-marketplacecommerceanalytics-1.11.327.jar:/Users/georgekingston/.m2/repository/com/amazonaws/aws-java-sdk-inspector/1.11.327/aws-java-sdk-inspector-1.11.327.jar:/Users/georgekingston/.m2/repository/com/amazonaws/aws-java-sdk-iot/1.11.327/aws-java-sdk-iot-1.11.327.jar:/Users/georgekingston/.m2/repository/com/amazonaws/aws-java-sdk-api-gateway/1.11.327/aws-java-sdk-api-gateway-1.11.327.jar:/Users/georgekingston/.m2/repository/com/amazonaws/aws-java-sdk-acm/1.11.327/aws-java-sdk-acm-1.11.327.jar:/Users/georgekingston/.m2/repository/com/amazonaws/aws-java-sdk-gamelift/1.11.327/aws-java-sdk-gamelift-1.11.327.jar:/Users/georgekingston/.m2/repository/com/amazonaws/aws-java-sdk-dms/1.11.327/aws-java-sdk-dms-1.11.327.jar:/Users/georgekingston/.m2/repository/com/amazonaws/aws-java-sdk-marketplacemeteringservice/1.11.327/aws-java-sdk-marketplacemeteringservice-1.11.327.jar:/Users/georgekingston/.m2/repository/com/amazonaws/aws-java-sdk-cognitoidp/1.11.327/aws-java-sdk-cognitoidp-1.11.327.jar:/Users/georgekingston/.m2/repository/com/amazonaws/aws-java-sdk-discovery/1.11.327/aws-java-sdk-discovery-1.11.327.jar:/Users/georgekingston/.m2/repository/com/amazonaws/aws-java-sdk-applicationautoscaling/1.11.327/aws-java-sdk-applicationautoscaling-1.11.327.jar:/Users/georgekingston/.m2/repository/com/amazonaws/aws-java-sdk-snowball/1.11.327/aws-java-sdk-snowball-1.11.327.jar:/Users/georgekingston/.m2/repository/com/amazonaws/aws-java-sdk-rekognition/1.11.327/aws-java-sdk-rekognition-1.11.327.jar:/Users/georgekingston/.m2/repository/com/amazonaws/aws-java-sdk-polly/1.11.327/aws-java-sdk-polly-1.11.327.jar:/Users/georgekingston/.m2/repository/com/amazonaws/aws-java-sdk-lightsail/1.11.327/aws-java-sdk-lightsail-1.11.327.jar:/Users/georgekingston/.m2/repository/com/amazonaws/aws-java-sdk-stepfunctions/1.11.327/aws-java-sdk-stepfunctions-1.11.327.jar:/Users/georgekingston/.m2/repository/com/amazonaws/aws-java-sdk-health/1.11.327/aws-java-sdk-health-1.11.327.jar:/Users/georgekingston/.m2/repository/com/amazonaws/aws-java-sdk-costandusagereport/1.11.327/aws-java-sdk-costandusagereport-1.11.327.jar:/Users/georgekingston/.m2/repository/com/amazonaws/aws-java-sdk-codebuild/1.11.327/aws-java-sdk-codebuild-1.11.327.jar:/Users/georgekingston/.m2/repository/com/amazonaws/aws-java-sdk-appstream/1.11.327/aws-java-sdk-appstream-1.11.327.jar:/Users/georgekingston/.m2/repository/com/amazonaws/aws-java-sdk-shield/1.11.327/aws-java-sdk-shield-1.11.327.jar:/Users/georgekingston/.m2/repository/com/amazonaws/aws-java-sdk-batch/1.11.327/aws-java-sdk-batch-1.11.327.jar:/Users/georgekingston/.m2/repository/com/amazonaws/aws-java-sdk-lex/1.11.327/aws-java-sdk-lex-1.11.327.jar:/Users/georgekingston/.m2/repository/com/amazonaws/aws-java-sdk-mechanicalturkrequester/1.11.327/aws-java-sdk-mechanicalturkrequester-1.11.327.jar:/Users/georgekingston/.m2/repository/com/amazonaws/aws-java-sdk-organizations/1.11.327/aws-java-sdk-organizations-1.11.327.jar:/Users/georgekingston/.m2/repository/com/amazonaws/aws-java-sdk-workdocs/1.11.327/aws-java-sdk-workdocs-1.11.327.jar:/Users/georgekingston/.m2/repository/com/amazonaws/aws-java-sdk-core/1.11.327/aws-java-sdk-core-1.11.327.jar:/Users/georgekingston/.m2/repository/commons-logging/commons-logging/1.1.3/commons-logging-1.1.3.jar:/Users/georgekingston/.m2/repository/org/apache/httpcomponents/httpclient/4.5.5/httpclient-4.5.5.jar:/Users/georgekingston/.m2/repository/org/apache/httpcomponents/httpcore/4.4.9/httpcore-4.4.9.jar:/Users/georgekingston/.m2/repository/commons-codec/commons-codec/1.10/commons-codec-1.10.jar:/Users/georgekingston/.m2/repository/software/amazon/ion/ion-java/1.0.2/ion-java-1.0.2.jar:/Users/georgekingston/.m2/repository/com/fasterxml/jackson/core/jackson-databind/2.6.7.1/jackson-databind-2.6.7.1.jar:/Users/georgekingston/.m2/repository/com/fasterxml/jackson/core/jackson-annotations/2.6.0/jackson-annotations-2.6.0.jar:/Users/georgekingston/.m2/repository/com/fasterxml/jackson/core/jackson-core/2.6.7/jackson-core-2.6.7.jar:/Users/georgekingston/.m2/repository/com/fasterxml/jackson/dataformat/jackson-dataformat-cbor/2.6.7/jackson-dataformat-cbor-2.6.7.jar:/Users/georgekingston/.m2/repository/joda-time/joda-time/2.8.1/joda-time-2.8.1.jar:/Users/georgekingston/.m2/repository/com/amazonaws/aws-java-sdk-models/1.11.327/aws-java-sdk-models-1.11.327.jar:/Users/georgekingston/.m2/repository/com/amazonaws/aws-java-sdk-swf-libraries/1.11.22/aws-java-sdk-swf-libraries-1.11.22.jar:"/>
    <property name="sun.cpu.endian" value="little"/>
    <property name="user.home" value="/Users/georgekingston"/>
    <property name="user.language" value="en"/>
    <property name="java.specification.vendor" value="Oracle Corporation"/>
    <property name="java.version.date" value="2020-04-14"/>
    <property name="java.home" value="/usr/local/Cellar/openjdk/14.0.1/libexec/openjdk.jdk/Contents/Home"/>
    <property name="file.separator" value="/"/>
    <property name="basedir" value="/Users/georgekingston/agile/agileFTP"/>
    <property name="java.vm.compressedOopsMode" value="Zero based"/>
    <property name="line.separator" value="&#10;"/>
    <property name="java.specification.name" value="Java Platform API Specification"/>
    <property name="java.vm.specification.vendor" value="Oracle Corporation"/>
    <property name="surefire.real.class.path" value="/Users/georgekingston/agile/agileFTP/target/surefire/surefirebooter10662432039028286802.jar"/>
    <property name="sun.management.compiler" value="HotSpot 64-Bit Tiered Compilers"/>
    <property name="ftp.nonProxyHosts" value="local|*.local|169.254/16|*.169.254/16"/>
    <property name="java.runtime.version" value="14.0.1+14"/>
    <property name="user.name" value="georgekingston"/>
    <property name="path.separator" value=":"/>
    <property name="os.version" value="10.15.5"/>
    <property name="java.runtime.name" value="OpenJDK Runtime Environment"/>
    <property name="file.encoding" value="UTF-8"/>
    <property name="java.vm.name" value="OpenJDK 64-Bit Server VM"/>
    <property name="localRepository" value="/Users/georgekingston/.m2/repository"/>
    <property name="java.vendor.url.bug" value="https://bugreport.java.com/bugreport/"/>
    <property name="java.io.tmpdir" value="/var/folders/0q/_d_7nj255nj8469vjptwxqg00000gn/T/"/>
    <property name="java.version" value="14.0.1"/>
    <property name="user.dir" value="/Users/georgekingston/agile/agileFTP"/>
    <property name="os.arch" value="x86_64"/>
    <property name="java.vm.specification.name" value="Java Virtual Machine Specification"/>
    <property name="java.library.path" value="/Users/georgekingston/Library/Java/Extensions:/Library/Java/Extensions:/Network/Library/Java/Extensions:/System/Library/Java/Extensions:/usr/lib/java:."/>
    <property name="java.vm.info" value="mixed mode, sharing"/>
    <property name="java.vendor" value="N/A"/>
    <property name="java.vm.version" value="14.0.1+14"/>
    <property name="sun.io.unicode.encoding" value="UnicodeBig"/>
    <property name="socksNonProxyHosts" value="local|*.local|169.254/16|*.169.254/16"/>
    <property name="java.class.version" value="58.0"/>
  </properties>
  <testcase name="shouldAnswerWithTrue" classname="edu.pdx.agileteam7.AppTest" time="0.001"/>
</testsuite>