<?xml version="1.0" encoding="UTF-8"?>
<testsuite xmlns:xsi="http://www.w3.org/2001/XMLSchema-instance" xsi:noNamespaceSchemaLocation="https://maven.apache.org/surefire/maven-surefire-plugin/xsd/surefire-test-report.xsd" name="edu.pdx.agileteam7.AppTest" time="0.047" tests="1" errors="0" skipped="0" failures="0">
  <properties>
    <property name="java.specification.version" value="14"/>
    <property name="sun.cpu.isalist" value="amd64"/>
    <property name="sun.jnu.encoding" value="Cp1252"/>
    <property name="java.class.path" value="C:\Users\LDING\Documents\GitHub\agileFTP\target\test-classes;C:\Users\LDING\Documents\GitHub\agileFTP\target\classes;C:\Users\LDING\.m2\repository\junit\junit\4.11\junit-4.11.jar;C:\Users\LDING\.m2\repository\org\hamcrest\hamcrest-core\1.3\hamcrest-core-1.3.jar;C:\Users\LDING\.m2\repository\com\amazonaws\aws-java-sdk\1.9.2\aws-java-sdk-1.9.2.jar;C:\Users\LDING\.m2\repository\com\amazonaws\aws-java-sdk-logs\1.9.2\aws-java-sdk-logs-1.9.2.jar;C:\Users\LDING\.m2\repository\com\amazonaws\aws-java-sdk-core\1.9.2\aws-java-sdk-core-1.9.2.jar;C:\Users\LDING\.m2\repository\commons-logging\commons-logging\1.1.3\commons-logging-1.1.3.jar;C:\Users\LDING\.m2\repository\org\apache\httpcomponents\httpclient\4.3\httpclient-4.3.jar;C:\Users\LDING\.m2\repository\org\apache\httpcomponents\httpcore\4.3\httpcore-4.3.jar;C:\Users\LDING\.m2\repository\commons-codec\commons-codec\1.6\commons-codec-1.6.jar;C:\Users\LDING\.m2\repository\com\fasterxml\jackson\core\jackson-databind\2.3.2\jackson-databind-2.3.2.jar;C:\Users\LDING\.m2\repository\com\fasterxml\jackson\core\jackson-annotations\2.3.0\jackson-annotations-2.3.0.jar;C:\Users\LDING\.m2\repository\com\fasterxml\jackson\core\jackson-core\2.3.2\jackson-core-2.3.2.jar;C:\Users\LDING\.m2\repository\joda-time\joda-time\2.10.6\joda-time-2.10.6.jar;C:\Users\LDING\.m2\repository\com\amazonaws\aws-java-sdk-elasticache\1.9.2\aws-java-sdk-elasticache-1.9.2.jar;C:\Users\LDING\.m2\repository\com\amazonaws\aws-java-sdk-elastictranscoder\1.9.2\aws-java-sdk-elastictranscoder-1.9.2.jar;C:\Users\LDING\.m2\repository\com\amazonaws\aws-java-sdk-route53\1.9.2\aws-java-sdk-route53-1.9.2.jar;C:\Users\LDING\.m2\repository\com\amazonaws\aws-java-sdk-datapipeline\1.9.2\aws-java-sdk-datapipeline-1.9.2.jar;C:\Users\LDING\.m2\repository\com\amazonaws\aws-java-sdk-cloudwatchmetrics\1.9.2\aws-java-sdk-cloudwatchmetrics-1.9.2.jar;C:\Users\LDING\.m2\repository\com\amazonaws\aws-java-sdk-cloudwatch\1.9.2\aws-java-sdk-cloudwatch-1.9.2.jar;C:\Users\LDING\.m2\repository\com\amazonaws\aws-java-sdk-dynamodb\1.9.2\aws-java-sdk-dynamodb-1.9.2.jar;C:\Users\LDING\.m2\repository\com\amazonaws\aws-java-sdk-rds\1.9.2\aws-java-sdk-rds-1.9.2.jar;C:\Users\LDING\.m2\repository\com\amazonaws\aws-java-sdk-storagegateway\1.9.2\aws-java-sdk-storagegateway-1.9.2.jar;C:\Users\LDING\.m2\repository\com\amazonaws\aws-java-sdk-swf-libraries\1.9.2\aws-java-sdk-swf-libraries-1.9.2.jar;C:\Users\LDING\.m2\repository\com\amazonaws\aws-java-sdk-simpleworkflow\1.9.2\aws-java-sdk-simpleworkflow-1.9.2.jar;C:\Users\LDING\.m2\repository\com\amazonaws\aws-java-sdk-directconnect\1.9.2\aws-java-sdk-directconnect-1.9.2.jar;C:\Users\LDING\.m2\repository\com\amazonaws\aws-java-sdk-iam\1.9.2\aws-java-sdk-iam-1.9.2.jar;C:\Users\LDING\.m2\repository\com\amazonaws\aws-java-sdk-ec2\1.9.2\aws-java-sdk-ec2-1.9.2.jar;C:\Users\LDING\.m2\repository\com\amazonaws\aws-java-sdk-cloudformation\1.9.2\aws-java-sdk-cloudformation-1.9.2.jar;C:\Users\LDING\.m2\repository\com\amazonaws\aws-java-sdk-ses\1.9.2\aws-java-sdk-ses-1.9.2.jar;C:\Users\LDING\.m2\repository\com\amazonaws\aws-java-sdk-elasticloadbalancing\1.9.2\aws-java-sdk-elasticloadbalancing-1.9.2.jar;C:\Users\LDING\.m2\repository\com\amazonaws\aws-java-sdk-cognitosync\1.9.2\aws-java-sdk-cognitosync-1.9.2.jar;C:\Users\LDING\.m2\repository\com\amazonaws\aws-java-sdk-cloudtrail\1.9.2\aws-java-sdk-cloudtrail-1.9.2.jar;C:\Users\LDING\.m2\repository\com\amazonaws\aws-java-sdk-elasticbeanstalk\1.9.2\aws-java-sdk-elasticbeanstalk-1.9.2.jar;C:\Users\LDING\.m2\repository\com\amazonaws\aws-java-sdk-simpledb\1.9.2\aws-java-sdk-simpledb-1.9.2.jar;C:\Users\LDING\.m2\repository\com\amazonaws\aws-java-sdk-opsworks\1.9.2\aws-java-sdk-opsworks-1.9.2.jar;C:\Users\LDING\.m2\repository\com\amazonaws\aws-java-sdk-autoscaling\1.9.2\aws-java-sdk-autoscaling-1.9.2.jar;C:\Users\LDING\.m2\repository\com\amazonaws\aws-java-sdk-sts\1.9.2\aws-java-sdk-sts-1.9.2.jar;C:\Users\LDING\.m2\repository\com\amazonaws\aws-java-sdk-cloudfront\1.9.2\aws-java-sdk-cloudfront-1.9.2.jar;C:\Users\LDING\.m2\repository\com\amazonaws\aws-java-sdk-importexport\1.9.2\aws-java-sdk-importexport-1.9.2.jar;C:\Users\LDING\.m2\repository\com\amazonaws\aws-java-sdk-emr\1.9.2\aws-java-sdk-emr-1.9.2.jar;C:\Users\LDING\.m2\repository\com\amazonaws\aws-java-sdk-cloudsearch\1.9.2\aws-java-sdk-cloudsearch-1.9.2.jar;C:\Users\LDING\.m2\repository\com\amazonaws\aws-java-sdk-glacier\1.9.2\aws-java-sdk-glacier-1.9.2.jar;C:\Users\LDING\.m2\repository\com\amazonaws\aws-java-sdk-sqs\1.9.2\aws-java-sdk-sqs-1.9.2.jar;C:\Users\LDING\.m2\repository\com\amazonaws\aws-java-sdk-sns\1.9.2\aws-java-sdk-sns-1.9.2.jar;C:\Users\LDING\.m2\repository\com\amazonaws\aws-java-sdk-s3\1.9.2\aws-java-sdk-s3-1.9.2.jar;C:\Users\LDING\.m2\repository\com\amazonaws\aws-java-sdk-kinesis\1.9.2\aws-java-sdk-kinesis-1.9.2.jar;C:\Users\LDING\.m2\repository\com\amazonaws\aws-java-sdk-redshift\1.9.2\aws-java-sdk-redshift-1.9.2.jar;C:\Users\LDING\.m2\repository\com\amazonaws\aws-java-sdk-support\1.9.2\aws-java-sdk-support-1.9.2.jar;C:\Users\LDING\.m2\repository\com\amazonaws\aws-java-sdk-cognitoidentity\1.9.2\aws-java-sdk-cognitoidentity-1.9.2.jar;"/>
    <property name="java.vm.vendor" value="Oracle Corporation"/>
    <property name="sun.arch.data.model" value="64"/>
    <property name="user.variant" value=""/>
    <property name="java.vendor.url" value="https://java.oracle.com/"/>
    <property name="user.timezone" value="America/Los_Angeles"/>
    <property name="os.name" value="Windows 10"/>
    <property name="java.vm.specification.version" value="14"/>
    <property name="sun.java.launcher" value="SUN_STANDARD"/>
    <property name="user.country" value="US"/>
    <property name="sun.boot.library.path" value="C:\Program Files\Java\jdk-14.0.1\bin"/>
    <property name="sun.java.command" value="C:\Users\LDING\AppData\Local\Temp\surefire7508103965846535077\surefirebooter8280720922709320440.jar C:\Users\LDING\AppData\Local\Temp\surefire7508103965846535077 2020-07-10T17-44-54_190-jvmRun1 surefire10888406035888639526tmp surefire_013790713430362583135tmp"/>
    <property name="jdk.debug" value="release"/>
    <property name="surefire.test.class.path" value="C:\Users\LDING\Documents\GitHub\agileFTP\target\test-classes;C:\Users\LDING\Documents\GitHub\agileFTP\target\classes;C:\Users\LDING\.m2\repository\junit\junit\4.11\junit-4.11.jar;C:\Users\LDING\.m2\repository\org\hamcrest\hamcrest-core\1.3\hamcrest-core-1.3.jar;C:\Users\LDING\.m2\repository\com\amazonaws\aws-java-sdk\1.9.2\aws-java-sdk-1.9.2.jar;C:\Users\LDING\.m2\repository\com\amazonaws\aws-java-sdk-logs\1.9.2\aws-java-sdk-logs-1.9.2.jar;C:\Users\LDING\.m2\repository\com\amazonaws\aws-java-sdk-core\1.9.2\aws-java-sdk-core-1.9.2.jar;C:\Users\LDING\.m2\repository\commons-logging\commons-logging\1.1.3\commons-logging-1.1.3.jar;C:\Users\LDING\.m2\repository\org\apache\httpcomponents\httpclient\4.3\httpclient-4.3.jar;C:\Users\LDING\.m2\repository\org\apache\httpcomponents\httpcore\4.3\httpcore-4.3.jar;C:\Users\LDING\.m2\repository\commons-codec\commons-codec\1.6\commons-codec-1.6.jar;C:\Users\LDING\.m2\repository\com\fasterxml\jackson\core\jackson-databind\2.3.2\jackson-databind-2.3.2.jar;C:\Users\LDING\.m2\repository\com\fasterxml\jackson\core\jackson-annotations\2.3.0\jackson-annotations-2.3.0.jar;C:\Users\LDING\.m2\repository\com\fasterxml\jackson\core\jackson-core\2.3.2\jackson-core-2.3.2.jar;C:\Users\LDING\.m2\repository\joda-time\joda-time\2.10.6\joda-time-2.10.6.jar;C:\Users\LDING\.m2\repository\com\amazonaws\aws-java-sdk-elasticache\1.9.2\aws-java-sdk-elasticache-1.9.2.jar;C:\Users\LDING\.m2\repository\com\amazonaws\aws-java-sdk-elastictranscoder\1.9.2\aws-java-sdk-elastictranscoder-1.9.2.jar;C:\Users\LDING\.m2\repository\com\amazonaws\aws-java-sdk-route53\1.9.2\aws-java-sdk-route53-1.9.2.jar;C:\Users\LDING\.m2\repository\com\amazonaws\aws-java-sdk-datapipeline\1.9.2\aws-java-sdk-datapipeline-1.9.2.jar;C:\Users\LDING\.m2\repository\com\amazonaws\aws-java-sdk-cloudwatchmetrics\1.9.2\aws-java-sdk-cloudwatchmetrics-1.9.2.jar;C:\Users\LDING\.m2\repository\com\amazonaws\aws-java-sdk-cloudwatch\1.9.2\aws-java-sdk-cloudwatch-1.9.2.jar;C:\Users\LDING\.m2\repository\com\amazonaws\aws-java-sdk-dynamodb\1.9.2\aws-java-sdk-dynamodb-1.9.2.jar;C:\Users\LDING\.m2\repository\com\amazonaws\aws-java-sdk-rds\1.9.2\aws-java-sdk-rds-1.9.2.jar;C:\Users\LDING\.m2\repository\com\amazonaws\aws-java-sdk-storagegateway\1.9.2\aws-java-sdk-storagegateway-1.9.2.jar;C:\Users\LDING\.m2\repository\com\amazonaws\aws-java-sdk-swf-libraries\1.9.2\aws-java-sdk-swf-libraries-1.9.2.jar;C:\Users\LDING\.m2\repository\com\amazonaws\aws-java-sdk-simpleworkflow\1.9.2\aws-java-sdk-simpleworkflow-1.9.2.jar;C:\Users\LDING\.m2\repository\com\amazonaws\aws-java-sdk-directconnect\1.9.2\aws-java-sdk-directconnect-1.9.2.jar;C:\Users\LDING\.m2\repository\com\amazonaws\aws-java-sdk-iam\1.9.2\aws-java-sdk-iam-1.9.2.jar;C:\Users\LDING\.m2\repository\com\amazonaws\aws-java-sdk-ec2\1.9.2\aws-java-sdk-ec2-1.9.2.jar;C:\Users\LDING\.m2\repository\com\amazonaws\aws-java-sdk-cloudformation\1.9.2\aws-java-sdk-cloudformation-1.9.2.jar;C:\Users\LDING\.m2\repository\com\amazonaws\aws-java-sdk-ses\1.9.2\aws-java-sdk-ses-1.9.2.jar;C:\Users\LDING\.m2\repository\com\amazonaws\aws-java-sdk-elasticloadbalancing\1.9.2\aws-java-sdk-elasticloadbalancing-1.9.2.jar;C:\Users\LDING\.m2\repository\com\amazonaws\aws-java-sdk-cognitosync\1.9.2\aws-java-sdk-cognitosync-1.9.2.jar;C:\Users\LDING\.m2\repository\com\amazonaws\aws-java-sdk-cloudtrail\1.9.2\aws-java-sdk-cloudtrail-1.9.2.jar;C:\Users\LDING\.m2\repository\com\amazonaws\aws-java-sdk-elasticbeanstalk\1.9.2\aws-java-sdk-elasticbeanstalk-1.9.2.jar;C:\Users\LDING\.m2\repository\com\amazonaws\aws-java-sdk-simpledb\1.9.2\aws-java-sdk-simpledb-1.9.2.jar;C:\Users\LDING\.m2\repository\com\amazonaws\aws-java-sdk-opsworks\1.9.2\aws-java-sdk-opsworks-1.9.2.jar;C:\Users\LDING\.m2\repository\com\amazonaws\aws-java-sdk-autoscaling\1.9.2\aws-java-sdk-autoscaling-1.9.2.jar;C:\Users\LDING\.m2\repository\com\amazonaws\aws-java-sdk-sts\1.9.2\aws-java-sdk-sts-1.9.2.jar;C:\Users\LDING\.m2\repository\com\amazonaws\aws-java-sdk-cloudfront\1.9.2\aws-java-sdk-cloudfront-1.9.2.jar;C:\Users\LDING\.m2\repository\com\amazonaws\aws-java-sdk-importexport\1.9.2\aws-java-sdk-importexport-1.9.2.jar;C:\Users\LDING\.m2\repository\com\amazonaws\aws-java-sdk-emr\1.9.2\aws-java-sdk-emr-1.9.2.jar;C:\Users\LDING\.m2\repository\com\amazonaws\aws-java-sdk-cloudsearch\1.9.2\aws-java-sdk-cloudsearch-1.9.2.jar;C:\Users\LDING\.m2\repository\com\amazonaws\aws-java-sdk-glacier\1.9.2\aws-java-sdk-glacier-1.9.2.jar;C:\Users\LDING\.m2\repository\com\amazonaws\aws-java-sdk-sqs\1.9.2\aws-java-sdk-sqs-1.9.2.jar;C:\Users\LDING\.m2\repository\com\amazonaws\aws-java-sdk-sns\1.9.2\aws-java-sdk-sns-1.9.2.jar;C:\Users\LDING\.m2\repository\com\amazonaws\aws-java-sdk-s3\1.9.2\aws-java-sdk-s3-1.9.2.jar;C:\Users\LDING\.m2\repository\com\amazonaws\aws-java-sdk-kinesis\1.9.2\aws-java-sdk-kinesis-1.9.2.jar;C:\Users\LDING\.m2\repository\com\amazonaws\aws-java-sdk-redshift\1.9.2\aws-java-sdk-redshift-1.9.2.jar;C:\Users\LDING\.m2\repository\com\amazonaws\aws-java-sdk-support\1.9.2\aws-java-sdk-support-1.9.2.jar;C:\Users\LDING\.m2\repository\com\amazonaws\aws-java-sdk-cognitoidentity\1.9.2\aws-java-sdk-cognitoidentity-1.9.2.jar;"/>
    <property name="sun.cpu.endian" value="little"/>
    <property name="user.home" value="C:\Users\LDING"/>
    <property name="user.language" value="en"/>
    <property name="java.specification.vendor" value="Oracle Corporation"/>
    <property name="java.version.date" value="2020-04-14"/>
    <property name="java.home" value="C:\Program Files\Java\jdk-14.0.1"/>
    <property name="file.separator" value="\"/>
    <property name="basedir" value="C:\Users\LDING\Documents\GitHub\agileFTP"/>
    <property name="java.vm.compressedOopsMode" value="Zero based"/>
    <property name="line.separator" value="&#10;"/>
    <property name="java.vm.specification.vendor" value="Oracle Corporation"/>
    <property name="java.specification.name" value="Java Platform API Specification"/>
    <property name="surefire.real.class.path" value="C:\Users\LDING\AppData\Local\Temp\surefire7508103965846535077\surefirebooter8280720922709320440.jar"/>
    <property name="user.script" value=""/>
    <property name="sun.management.compiler" value="HotSpot 64-Bit Tiered Compilers"/>
    <property name="java.runtime.version" value="14.0.1+7"/>
    <property name="user.name" value="LDING"/>
    <property name="path.separator" value=";"/>
    <property name="os.version" value="10.0"/>
    <property name="java.runtime.name" value="Java(TM) SE Runtime Environment"/>
    <property name="file.encoding" value="Cp1252"/>
    <property name="java.vm.name" value="Java HotSpot(TM) 64-Bit Server VM"/>
    <property name="localRepository" value="C:\Users\LDING\.m2\repository"/>
    <property name="java.vendor.url.bug" value="https://bugreport.java.com/bugreport/"/>
    <property name="java.io.tmpdir" value="C:\Users\LDING\AppData\Local\Temp\"/>
    <property name="java.version" value="14.0.1"/>
    <property name="user.dir" value="C:\Users\LDING\Documents\GitHub\agileFTP"/>
    <property name="os.arch" value="amd64"/>
    <property name="java.vm.specification.name" value="Java Virtual Machine Specification"/>
    <property name="sun.os.patch.level" value=""/>
    <property name="java.library.path" value="C:\Program Files\Java\jdk-14.0.1\bin;C:\WINDOWS\Sun\Java\bin;C:\WINDOWS\system32;C:\WINDOWS;C:\Program Files (x86)\Intel\iCLS Client\;C:\Program Files\Intel\iCLS Client\;C:\Windows\system32;C:\Windows;C:\Windows\System32\Wbem;C:\Windows\System32\WindowsPowerShell\v1.0\;C:\Program Files (x86)\Intel\Intel(R) Management Engine Components\DAL;C:\Program Files\Intel\Intel(R) Management Engine Components\DAL;C:\Program Files (x86)\Intel\Intel(R) Management Engine Components\IPT;C:\Program Files\Intel\Intel(R) Management Engine Components\IPT;C:\Program Files (x86)\NVIDIA Corporation\PhysX\Common;C:\Program Files\Intel\WiFi\bin\;C:\Program Files\Common Files\Intel\WirelessCommon\;C:\WINDOWS\system32;C:\WINDOWS;C:\WINDOWS\System32\Wbem;C:\WINDOWS\System32\WindowsPowerShell\v1.0\;C:\WINDOWS\System32\OpenSSH\;C:\Program Files\PuTTY\;C:\Program Files\dotnet\;C:\Program Files\NVIDIA Corporation\NVIDIA NvDLISR;C:\Program Files\nodejs\;C:\WINDOWS\system32;C:\WINDOWS;C:\WINDOWS\System32\Wbem;C:\WINDOWS\System32\WindowsPowerShell\v1.0\;C:\WINDOWS\System32\OpenSSH\;C:\Program Files\Git\cmd;C:\Program Files\Git\mingw64\bin;C:\Program Files\Git\usr\bin;C:\Program Files\Java\jdk-14.0.1\bin;C:\Program Files\apache-maven-3.6.3\bin;&quot;C:\Users\LDING\AppData\Local\Microsoft\WindowsApps; C:\MinGW\bin;&quot;;C:\Users\LDING\AppData\Local\GitHubDesktop\bin;C:\Users\LDING\AppData\Local\Microsoft\WindowsApps;C:\Users\LDING\AppData\Local\atom\bin;C:\Users\LDING\AppData\Local\Programs\Microsoft VS Code\bin;C:\Users\LDING\AppData\Roaming\npm;C:\Users\LDING\AppData\Local\Microsoft\WindowsApps;;C:\Program Files\JetBrains\CLion 2019.3.5\bin;;."/>
    <property name="java.vm.info" value="mixed mode, sharing"/>
    <property name="java.vendor" value="Oracle Corporation"/>
    <property name="java.vm.version" value="14.0.1+7"/>
    <property name="sun.io.unicode.encoding" value="UnicodeLittle"/>
    <property name="java.class.version" value="58.0"/>
  </properties>
  <testcase name="shouldAnswerWithTrue" classname="edu.pdx.agileteam7.AppTest" time="0.002"/>
</testsuite>